<?xml version="1.0" encoding="UTF-8"?>
<!-- Generated by org.testng.reporters.JUnitReportReporter -->
<testsuite hostname="DESKTOP-LHIKNTO" failures="0" tests="1" name="TestRunner.CucumberTestRunner" time="3.304" errors="0" timestamp="2024-02-29T22:23:36 CST" skipped="0">
  <testcase classname="TestRunner.CucumberTestRunner" name="runScenario" time="3.304"/>
</testsuite> <!-- TestRunner.CucumberTestRunner -->
