<?xml version="1.0" encoding="UTF-8"?>
<!-- Generated by org.testng.reporters.JUnitReportReporter -->
<testsuite hostname="DESKTOP-LHIKNTO" failures="0" tests="2" name="TestRunner.CucumberTestRunnerWIthTags" time="0.123" errors="0" timestamp="2024-02-29T17:06:40 CST" skipped="0">
  <testcase classname="TestRunner.CucumberTestRunnerWIthTags" name="runScenario" time="0.007"/>
  <testcase classname="TestRunner.CucumberTestRunnerWIthTags" name="runScenario" time="0.116"/>
</testsuite> <!-- TestRunner.CucumberTestRunnerWIthTags -->
